
Collecting usage statistics. To deactivate, set browser.gatherUsageStats to false.


  You can now view your Streamlit app in your browser.

  Local URL: http://localhost:8501
  Network URL: http://10.1.187.173:8501
  External URL: http://45.152.150.130:8501

Collaboration server started on ws://localhost:8765
 * Serving Flask app 'log_streaming'
 * Debug mode: off
WARNING: This is a development server. Do not use it in a production deployment. Use a production WSGI server instead.
 * Running on http://127.0.0.1:5001
Press CTRL+C to quit
2025-09-27 23:19:03.339 Uncaught app execution
Traceback (most recent call last):
  File "C:\Users\mmeadow\AppData\Local\Programs\Python\Python313\Lib\site-packages\streamlit\runtime\scriptrunner\exec_code.py", line 128, in exec_func_with_error_handling
    result = func()
  File "C:\Users\mmeadow\AppData\Local\Programs\Python\Python313\Lib\site-packages\streamlit\runtime\scriptrunner\script_runner.py", line 669, in code_to_exec
    exec(code, module.__dict__)  # noqa: S102
    ~~~~^^^^^^^^^^^^^^^^^^^^^^^
  File "C:\Users\mmeadow\Documents\OpenEvolve\Frontend\main.py", line 155, in <module>
    main()
    ~~~~^^
  File "C:\Users\mmeadow\Documents\OpenEvolve\Frontend\main.py", line 151, in main
    mainlayout.render_main_layout()
    ~~~~~~~~~~~~~~~~~~~~~~~~~~~~~^^
  File "C:\Users\mmeadow\Documents\OpenEvolve\Frontend\mainlayout.py", line 638, in render_main_layout
    st.number_input("Number of Islands", 1, 10, 1, key="num_islands")
    ~~~~~~~~~~~~~~~^^^^^^^^^^^^^^^^^^^^^^^^^^^^^^^^^^^^^^^^^^^^^^^^^^
  File "C:\Users\mmeadow\AppData\Local\Programs\Python\Python313\Lib\site-packages\streamlit\runtime\metrics_util.py", line 443, in wrapped_func
    result = non_optional_func(*args, **kwargs)
  File "C:\Users\mmeadow\AppData\Local\Programs\Python\Python313\Lib\site-packages\streamlit\elements\widgets\number_input.py", line 401, in number_input
    return self._number_input(
           ~~~~~~~~~~~~~~~~~~^
        label=label,
        ^^^^^^^^^^^^
    ...<15 lines>...
        ctx=ctx,
        ^^^^^^^^
    )
    ^
  File "C:\Users\mmeadow\AppData\Local\Programs\Python\Python313\Lib\site-packages\streamlit\elements\widgets\number_input.py", line 452, in _number_input
    element_id = compute_and_register_element_id(
        "number_input",
    ...<14 lines>...
        width=width,
    )
  File "C:\Users\mmeadow\AppData\Local\Programs\Python\Python313\Lib\site-packages\streamlit\elements\lib\utils.py", line 265, in compute_and_register_element_id
    _register_element_id(ctx, element_type, element_id)
    ~~~~~~~~~~~~~~~~~~~~^^^^^^^^^^^^^^^^^^^^^^^^^^^^^^^
  File "C:\Users\mmeadow\AppData\Local\Programs\Python\Python313\Lib\site-packages\streamlit\elements\lib\utils.py", line 145, in _register_element_id
    raise StreamlitDuplicateElementKey(user_key)
streamlit.errors.StreamlitDuplicateElementKey: There are multiple elements with the same `key='num_islands'`. To fix this, please make sure that the `key` argument is unique for each element you create.
